<?xml version="1.0" encoding="UTF-8"?>
<!-- Generated by org.testng.reporters.JUnitXMLReporter -->
<testsuite hostname="Admin-PC" ignored="0" name="Test" tests="4" failures="0" timestamp="2019-12-27T09:10:22 EST" time="88.138" errors="0">
  <testcase name="checkElement" time="0.909" classname="com.digitalpoint.testcase.HomePageTest"/>
  <testcase name="verfyHomePageTitle" time="0.015" classname="com.digitalpoint.testcase.HomePageTest"/>
  <testcase name="userlogin" time="5.829" classname="com.digitalpoint.testcase.LoginPageTest"/>
  <testcase name="verfyLoginPageTitle" time="0.008" classname="com.digitalpoint.testcase.LoginPageTest"/>
</testsuite> <!-- Test -->
