<?xml version="1.0" encoding="UTF-8"?>
<testng-results skipped="0" failed="0" ignored="0" total="4" passed="4">
  <reporter-output>
  </reporter-output>
  <suite name="Suite" duration-ms="88138" started-at="2019-12-27T09:08:54 EST" finished-at="2019-12-27T09:10:22 EST">
    <groups>
    </groups>
    <test name="Test" duration-ms="88138" started-at="2019-12-27T09:08:54 EST" finished-at="2019-12-27T09:10:22 EST">
      <class name="com.digitalpoint.testcase.HomePageTest">
        <test-method status="PASS" signature="browserSetup()[pri:0, instance:com.digitalpoint.testcase.HomePageTest@4bec1f0c]" name="browserSetup" is-config="true" duration-ms="24558" started-at="2019-12-27T09:08:54 EST" finished-at="2019-12-27T09:09:19 EST">
          <reporter-output>
          </reporter-output>
        </test-method> <!-- browserSetup -->
        <test-method status="PASS" signature="checkElement()[pri:0, instance:com.digitalpoint.testcase.HomePageTest@4bec1f0c]" name="checkElement" duration-ms="909" started-at="2019-12-27T09:09:19 EST" finished-at="2019-12-27T09:09:20 EST">
          <reporter-output>
          </reporter-output>
        </test-method> <!-- checkElement -->
        <test-method status="PASS" signature="tearDown()[pri:0, instance:com.digitalpoint.testcase.HomePageTest@4bec1f0c]" name="tearDown" is-config="true" duration-ms="641" started-at="2019-12-27T09:09:20 EST" finished-at="2019-12-27T09:09:20 EST">
          <reporter-output>
          </reporter-output>
        </test-method> <!-- tearDown -->
        <test-method status="PASS" signature="browserSetup()[pri:0, instance:com.digitalpoint.testcase.HomePageTest@4bec1f0c]" name="browserSetup" is-config="true" duration-ms="21995" started-at="2019-12-27T09:09:20 EST" finished-at="2019-12-27T09:09:42 EST">
          <reporter-output>
          </reporter-output>
        </test-method> <!-- browserSetup -->
        <test-method status="PASS" signature="verfyHomePageTitle()[pri:0, instance:com.digitalpoint.testcase.HomePageTest@4bec1f0c]" name="verfyHomePageTitle" duration-ms="15" started-at="2019-12-27T09:09:42 EST" finished-at="2019-12-27T09:09:42 EST">
          <reporter-output>
          </reporter-output>
        </test-method> <!-- verfyHomePageTitle -->
        <test-method status="PASS" signature="tearDown()[pri:0, instance:com.digitalpoint.testcase.HomePageTest@4bec1f0c]" name="tearDown" is-config="true" duration-ms="672" started-at="2019-12-27T09:09:42 EST" finished-at="2019-12-27T09:09:43 EST">
          <reporter-output>
          </reporter-output>
        </test-method> <!-- tearDown -->
      </class> <!-- com.digitalpoint.testcase.HomePageTest -->
      <class name="com.digitalpoint.testcase.LoginPageTest">
        <test-method status="PASS" signature="browserSetup()[pri:0, instance:com.digitalpoint.testcase.LoginPageTest@29ca901e]" name="browserSetup" is-config="true" duration-ms="16003" started-at="2019-12-27T09:09:43 EST" finished-at="2019-12-27T09:09:59 EST">
          <reporter-output>
          </reporter-output>
        </test-method> <!-- browserSetup -->
        <test-method status="PASS" signature="userlogin()[pri:0, instance:com.digitalpoint.testcase.LoginPageTest@29ca901e]" name="userlogin" duration-ms="5829" started-at="2019-12-27T09:09:59 EST" finished-at="2019-12-27T09:10:05 EST">
          <reporter-output>
          </reporter-output>
        </test-method> <!-- userlogin -->
        <test-method status="PASS" signature="tearDown()[pri:0, instance:com.digitalpoint.testcase.LoginPageTest@29ca901e]" name="tearDown" is-config="true" duration-ms="671" started-at="2019-12-27T09:10:05 EST" finished-at="2019-12-27T09:10:06 EST">
          <reporter-output>
          </reporter-output>
        </test-method> <!-- tearDown -->
        <test-method status="PASS" signature="browserSetup()[pri:0, instance:com.digitalpoint.testcase.LoginPageTest@29ca901e]" name="browserSetup" is-config="true" duration-ms="16096" started-at="2019-12-27T09:10:06 EST" finished-at="2019-12-27T09:10:22 EST">
          <reporter-output>
          </reporter-output>
        </test-method> <!-- browserSetup -->
        <test-method status="PASS" signature="verfyLoginPageTitle()[pri:0, instance:com.digitalpoint.testcase.LoginPageTest@29ca901e]" name="verfyLoginPageTitle" duration-ms="8" started-at="2019-12-27T09:10:22 EST" finished-at="2019-12-27T09:10:22 EST">
          <reporter-output>
          </reporter-output>
        </test-method> <!-- verfyLoginPageTitle -->
        <test-method status="PASS" signature="tearDown()[pri:0, instance:com.digitalpoint.testcase.LoginPageTest@29ca901e]" name="tearDown" is-config="true" duration-ms="704" started-at="2019-12-27T09:10:22 EST" finished-at="2019-12-27T09:10:22 EST">
          <reporter-output>
          </reporter-output>
        </test-method> <!-- tearDown -->
      </class> <!-- com.digitalpoint.testcase.LoginPageTest -->
    </test> <!-- Test -->
  </suite> <!-- Suite -->
</testng-results>
