<?xml version="1.0" encoding="UTF-8"?>
<!-- Generated by org.testng.reporters.JUnitXMLReporter -->
<testsuite hostname="Admin-PC" ignored="0" name="Digitalpoint sanity Test" tests="4" failures="0" timestamp="2019-12-27T09:17:09 EST" time="86.675" errors="0">
  <testcase name="userlogin" time="5.805" classname="com.digitalpoint.testcase.LoginPageTest"/>
  <testcase name="verfyLoginPageTitle" time="0.029" classname="com.digitalpoint.testcase.LoginPageTest"/>
  <testcase name="checkElement" time="0.859" classname="com.digitalpoint.testcase.HomePageTest"/>
  <testcase name="verfyHomePageTitle" time="0.021" classname="com.digitalpoint.testcase.HomePageTest"/>
</testsuite> <!-- Digitalpoint sanity Test -->
